<?xml version="1.0" encoding="UTF-8"?>
<testsuite xmlns:xsi="http://www.w3.org/2001/XMLSchema-instance" xsi:noNamespaceSchemaLocation="https://maven.apache.org/surefire/maven-surefire-plugin/xsd/surefire-test-report.xsd" version="3.0.2" name="TestSuite" time="32.964" tests="2" errors="0" skipped="0" failures="0" flakes="0">
  <properties>
[...]
</properties>
  <testcase name="verify_account_registration" classname="testCases.TC001_AccountRegistrationTest" time="9.855">
    <system-out><![CDATA[08:47:25.538 [main] INFO  testCases.TC001_AccountRegistrationTest - ***** Started TC001_AccountRegistrationTest *****
08:47:29.754 [main] INFO  testCases.TC001_AccountRegistrationTest - Click on My Account Link
08:47:30.624 [main] INFO  testCases.TC001_AccountRegistrationTest - Click on register Link
08:47:30.641 [main] INFO  testCases.TC001_AccountRegistrationTest - provinding customer details...
08:47:35.155 [main] INFO  testCases.TC001_AccountRegistrationTest - Validating expected message...
08:47:35.319 [main] INFO  testCases.TC001_AccountRegistrationTest - ***** Finished TC001_AccountRegistrationTest *****
]]></system-out>
    <system-err><![CDATA[SLF4J(W): No SLF4J providers were found.
SLF4J(W): Defaulting to no-operation (NOP) logger implementation
SLF4J(W): See https://www.slf4j.org/codes.html#noProviders for further details.
2026-05-21T03:17:18.604586300Z main INFO Starting configuration XmlConfiguration[location=C:\Users\Admin\eclipse-workspace\OpencartV121\target\test-classes\log4j2.xml, lastModified=2026-05-20T13:16:36.692Z]...
2026-05-21T03:17:18.609617500Z main INFO Configuration XmlConfiguration[location=C:\Users\Admin\eclipse-workspace\OpencartV121\target\test-classes\log4j2.xml, lastModified=2026-05-20T13:16:36.692Z] started.
2026-05-21T03:17:18.614867800Z main INFO Stopping configuration org.apache.logging.log4j.core.config.DefaultConfiguration@6b3e12b5...
2026-05-21T03:17:18.617119500Z main INFO Configuration org.apache.logging.log4j.core.config.DefaultConfiguration@6b3e12b5 stopped.
May 21, 2026 8:47:24 AM org.openqa.selenium.devtools.CdpVersionFinder findNearestMatch
WARNING: Unable to find an exact match for CDP version 148, returning the closest version; found: 147; Please update to a Selenium version that supports CDP version 148
]]></system-err>
  </testcase>
  <testcase name="verify_login" classname="testCases.TC002_LoginTest" time="7.249">
    <system-out><![CDATA[08:47:38.558 [main] INFO  testCases.TC002_LoginTest - **** Starting TC002_LoginTest ****
08:47:45.802 [main] INFO  testCases.TC002_LoginTest - Login test passed successfully.
08:47:45.802 [main] INFO  testCases.TC002_LoginTest - **** Finished TC002_LoginTest ****
]]></system-out>
    <system-err><![CDATA[May 21, 2026 8:47:37 AM org.openqa.selenium.devtools.CdpVersionFinder findNearestMatch
WARNING: Unable to find an exact match for CDP version 148, returning the closest version; found: 147; Please update to a Selenium version that supports CDP version 148
]]></system-err>
  </testcase>
</testsuite>