<?xml version="1.0" encoding="UTF-8"?>
<!-- Generated by org.testng.reporters.JUnitReportReporter -->
<testsuite hostname="HP" failures="0" tests="2" name="testCases.TC001_AccountRegistrationTest" time="11.712" errors="0" timestamp="2026-05-19T16:00:20 IST" skipped="0">
  <testcase classname="testCases.TC001_AccountRegistrationTest" name="verify_account_registration" time="3.321"/>
  <testcase classname="testCases.TC001_AccountRegistrationTest" name="verify_account_registration" time="8.391"/>
</testsuite> <!-- testCases.TC001_AccountRegistrationTest -->
