<?xml version="1.0" encoding="UTF-8"?>
<!-- Generated by org.testng.reporters.JUnitReportReporter -->
<testsuite hostname="HP" failures="0" tests="5" name="testCases.TC003_LoginDDT" time="30.981" errors="0" timestamp="2026-04-28T18:06:07 IST" skipped="0">
  <testcase classname="testCases.TC003_LoginDDT" name="verify_loginDDT" time="2.339"/>
  <testcase classname="testCases.TC003_LoginDDT" name="verify_loginDDT" time="11.355"/>
  <testcase classname="testCases.TC003_LoginDDT" name="verify_loginDDT" time="2.886"/>
  <testcase classname="testCases.TC003_LoginDDT" name="verify_loginDDT" time="11.794"/>
  <testcase classname="testCases.TC003_LoginDDT" name="verify_loginDDT" time="2.607"/>
</testsuite> <!-- testCases.TC003_LoginDDT -->
